<?xml version="1.0" encoding="UTF-8"?>
<!-- Generated by org.testng.reporters.JUnitReportReporter -->
<testsuite skipped="36" hostname="LAPTOP-6T9NE33L" name="com.SFDC.Automation.AutomationScript_Test" tests="38" failures="0" timestamp="21 Jul 2019 16:07:58 GMT" time="22.922" errors="1">
  <testcase name="Login" time="14.121" classname="com.SFDC.Automation.AutomationScript_Test"/>
  <testcase name="CalendarRecurrance_TC37" time="8.801" classname="com.SFDC.Automation.AutomationScript_Test">
    <error type="java.lang.NullPointerException">
      <![CDATA[java.lang.NullPointerException
at com.SFDC.Automation.ReusableMethods.switchToNewWindow(ReusableMethods.java:381)
at com.SFDC.Automation.AutomationScript_Test.CalendarRecurrance_TC37(AutomationScript_Test.java:961)
at sun.reflect.NativeMethodAccessorImpl.invoke0(Native Method)
at sun.reflect.NativeMethodAccessorImpl.invoke(NativeMethodAccessorImpl.java:62)
at sun.reflect.DelegatingMethodAccessorImpl.invoke(DelegatingMethodAccessorImpl.java:43)
at java.lang.reflect.Method.invoke(Method.java:498)
at org.testng.internal.MethodInvocationHelper.invokeMethod(MethodInvocationHelper.java:124)
at org.testng.internal.Invoker.invokeMethod(Invoker.java:583)
at org.testng.internal.Invoker.invokeTestMethod(Invoker.java:719)
at org.testng.internal.Invoker.invokeTestMethods(Invoker.java:989)
at org.testng.internal.TestMethodWorker.invokeTestMethods(TestMethodWorker.java:125)
at org.testng.internal.TestMethodWorker.run(TestMethodWorker.java:109)
at org.testng.TestRunner.privateRun(TestRunner.java:648)
at org.testng.TestRunner.run(TestRunner.java:505)
at org.testng.SuiteRunner.runTest(SuiteRunner.java:455)
at org.testng.SuiteRunner.runSequentially(SuiteRunner.java:450)
at org.testng.SuiteRunner.privateRun(SuiteRunner.java:415)
at org.testng.SuiteRunner.run(SuiteRunner.java:364)
at org.testng.SuiteRunnerWorker.runSuite(SuiteRunnerWorker.java:52)
at org.testng.SuiteRunnerWorker.run(SuiteRunnerWorker.java:84)
at org.testng.TestNG.runSuitesSequentially(TestNG.java:1208)
at org.testng.TestNG.runSuitesLocally(TestNG.java:1137)
at org.testng.TestNG.runSuites(TestNG.java:1049)
at org.testng.TestNG.run(TestNG.java:1017)
at org.testng.remote.AbstractRemoteTestNG.run(AbstractRemoteTestNG.java:114)
at org.testng.remote.RemoteTestNG.initAndRun(RemoteTestNG.java:251)
at org.testng.remote.RemoteTestNG.main(RemoteTestNG.java:77)
]]>
    </error>
  </testcase> <!-- CalendarRecurrance_TC37 -->
  <testcase name="Calendar_TC36" classname="com.SFDC.Automation.AutomationScript_Test">
    <skipped/>
  </testcase> <!-- Calendar_TC36 -->
  <testcase name="Contact_View_TC31" classname="com.SFDC.Automation.AutomationScript_Test">
    <skipped/>
  </testcase> <!-- Contact_View_TC31 -->
  <testcase name="ViewErrorMsg_TC30" classname="com.SFDC.Automation.AutomationScript_Test">
    <skipped/>
  </testcase> <!-- ViewErrorMsg_TC30 -->
  <testcase name="Test_Quarterly_Summary_Report_TC19" classname="com.SFDC.Automation.AutomationScript_Test">
    <skipped/>
  </testcase> <!-- Test_Quarterly_Summary_Report_TC19 -->
  <testcase name="Accounts_Merge_TC13" classname="com.SFDC.Automation.AutomationScript_Test">
    <skipped/>
  </testcase> <!-- Accounts_Merge_TC13 -->
  <testcase name="UserMenu_LogOut_09" classname="com.SFDC.Automation.AutomationScript_Test">
    <skipped/>
  </testcase> <!-- UserMenu_LogOut_09 -->
  <testcase name="TodaysLead_TC23" classname="com.SFDC.Automation.AutomationScript_Test">
    <skipped/>
  </testcase> <!-- TodaysLead_TC23 -->
  <testcase name="Create_new_Opty_TC16" classname="com.SFDC.Automation.AutomationScript_Test">
    <skipped/>
  </testcase> <!-- Create_new_Opty_TC16 -->
  <testcase name="UserMenu_MySetting_Email_07" classname="com.SFDC.Automation.AutomationScript_Test">
    <skipped/>
  </testcase> <!-- UserMenu_MySetting_Email_07 -->
  <testcase name="ContactNew_SaveButton_TC32" classname="com.SFDC.Automation.AutomationScript_Test">
    <skipped/>
  </testcase> <!-- ContactNew_SaveButton_TC32 -->
  <testcase name="UserMenu_MySetting_Display_07" classname="com.SFDC.Automation.AutomationScript_Test">
    <skipped/>
  </testcase> <!-- UserMenu_MySetting_Display_07 -->
  <testcase name="MyContacts_TC28" classname="com.SFDC.Automation.AutomationScript_Test">
    <skipped/>
  </testcase> <!-- MyContacts_TC28 -->
  <testcase name="UserMenu_MySetting_CalendarReminder_07" classname="com.SFDC.Automation.AutomationScript_Test">
    <skipped/>
  </testcase> <!-- UserMenu_MySetting_CalendarReminder_07 -->
  <testcase name="oppurtunity_Stuck_report_TC18" classname="com.SFDC.Automation.AutomationScript_Test">
    <skipped/>
  </testcase> <!-- oppurtunity_Stuck_report_TC18 -->
  <testcase name="ViewDropDown_TC21" classname="com.SFDC.Automation.AutomationScript_Test">
    <skipped/>
  </testcase> <!-- ViewDropDown_TC21 -->
  <testcase name="ValidateLastName_TC34" classname="com.SFDC.Automation.AutomationScript_Test">
    <skipped/>
  </testcase> <!-- ValidateLastName_TC34 -->
  <testcase name="Accounts_Create_New_TC10" classname="com.SFDC.Automation.AutomationScript_Test">
    <skipped/>
  </testcase> <!-- Accounts_Create_New_TC10 -->
  <testcase name="Accounts_Create_New_View_TC11" classname="com.SFDC.Automation.AutomationScript_Test">
    <skipped/>
  </testcase> <!-- Accounts_Create_New_View_TC11 -->
  <testcase name="FirstLastName_TC33" classname="com.SFDC.Automation.AutomationScript_Test">
    <skipped/>
  </testcase> <!-- FirstLastName_TC33 -->
  <testcase name="oppurtunity_TC15" classname="com.SFDC.Automation.AutomationScript_Test">
    <skipped/>
  </testcase> <!-- oppurtunity_TC15 -->
  <testcase name="MyProfile_TC06" classname="com.SFDC.Automation.AutomationScript_Test">
    <skipped/>
  </testcase> <!-- MyProfile_TC06 -->
  <testcase name="NewButton_TC24" classname="com.SFDC.Automation.AutomationScript_Test">
    <skipped/>
  </testcase> <!-- NewButton_TC24 -->
  <testcase name="RecentCretaed_TC27" classname="com.SFDC.Automation.AutomationScript_Test">
    <skipped/>
  </testcase> <!-- RecentCretaed_TC27 -->
  <testcase name="UserMenu_DeveloperConsole_08" classname="com.SFDC.Automation.AutomationScript_Test">
    <skipped/>
  </testcase> <!-- UserMenu_DeveloperConsole_08 -->
  <testcase name="LeadTab_TC20" classname="com.SFDC.Automation.AutomationScript_Test">
    <skipped/>
  </testcase> <!-- LeadTab_TC20 -->
  <testcase name="initialize_Driver" classname="com.SFDC.Automation.AutomationScript_Test">
    <skipped/>
  </testcase> <!-- initialize_Driver -->
  <testcase name="UserMenu_TC05" classname="com.SFDC.Automation.AutomationScript_Test">
    <skipped/>
  </testcase> <!-- UserMenu_TC05 -->
  <testcase name="Contact_TC25" classname="com.SFDC.Automation.AutomationScript_Test">
    <skipped/>
  </testcase> <!-- Contact_TC25 -->
  <testcase name="UserMenu_MySetting_Personal_TC07" classname="com.SFDC.Automation.AutomationScript_Test">
    <skipped/>
  </testcase> <!-- UserMenu_MySetting_Personal_TC07 -->
  <testcase name="Functionality_Go_Button_TC22" classname="com.SFDC.Automation.AutomationScript_Test">
    <skipped/>
  </testcase> <!-- Functionality_Go_Button_TC22 -->
  <testcase name="launchUrl" classname="com.SFDC.Automation.AutomationScript_Test">
    <skipped/>
  </testcase> <!-- launchUrl -->
  <testcase name="Contact_View_TC26" classname="com.SFDC.Automation.AutomationScript_Test">
    <skipped/>
  </testcase> <!-- Contact_View_TC26 -->
  <testcase name="ContactName_TC29" classname="com.SFDC.Automation.AutomationScript_Test">
    <skipped/>
  </testcase> <!-- ContactName_TC29 -->
  <testcase name="Accounts_Edit_View_TC12" classname="com.SFDC.Automation.AutomationScript_Test">
    <skipped/>
  </testcase> <!-- Accounts_Edit_View_TC12 -->
  <testcase name="AllTab_TC35" classname="com.SFDC.Automation.AutomationScript_Test">
    <skipped/>
  </testcase> <!-- AllTab_TC35 -->
  <testcase name="oppurtunity_Pipeline_report_TC17" classname="com.SFDC.Automation.AutomationScript_Test">
    <skipped/>
  </testcase> <!-- oppurtunity_Pipeline_report_TC17 -->
</testsuite> <!-- com.SFDC.Automation.AutomationScript_Test -->
