<?xml version="1.0" encoding="UTF-8"?>
<!-- Generated by org.testng.reporters.JUnitReportReporter -->
<testsuite skipped="2" hostname="LAPTOP-6T9NE33L" name="com.Salesforce.Automation.AutomationScript_Test" tests="7" failures="0" timestamp="20 Jul 2019 21:46:31 GMT" time="95.799" errors="0">
  <testcase name="LoginError_TC1" time="18.405" classname="com.Salesforce.Automation.AutomationScript_Test"/>
  <testcase name="Login_TC2" time="26.681" classname="com.Salesforce.Automation.AutomationScript_Test"/>
  <testcase name="forgotPassword_TC4A" time="13.208" classname="com.Salesforce.Automation.AutomationScript_Test"/>
  <testcase name="ValidateLogin_TC4B" time="14.254" classname="com.Salesforce.Automation.AutomationScript_Test"/>
  <testcase name="checkRememberMe_TC3" time="23.251" classname="com.Salesforce.Automation.AutomationScript_Test"/>
  <testcase name="launchUrl" classname="com.Salesforce.Automation.AutomationScript_Test">
    <skipped/>
  </testcase> <!-- launchUrl -->
  <testcase name="initialize_Driver" classname="com.Salesforce.Automation.AutomationScript_Test">
    <skipped/>
  </testcase> <!-- initialize_Driver -->
</testsuite> <!-- com.Salesforce.Automation.AutomationScript_Test -->
