<?xml version="1.0" encoding="UTF-8"?>
<testsuite xmlns:xsi="http://www.w3.org/2001/XMLSchema-instance" xsi:schemaLocation="https://maven.apache.org/surefire/maven-surefire-plugin/xsd/surefire-test-report.xsd" name="TestSuite" time="97.031" tests="5" errors="0" skipped="0" failures="0">
  <properties>
    <property name="java.vendor" value="Oracle Corporation"/>
    <property name="JOB_NAME" value="SFDCApplication_Automation"/>
    <property name="sun.java.launcher" value="SUN_STANDARD"/>
    <property name="NUMBER_OF_PROCESSORS" value="8"/>
    <property name="sun.management.compiler" value="HotSpot 64-Bit Tiered Compilers"/>
    <property name="JENKINS_HOME" value="C:\Users\shank\.jenkins"/>
    <property name="FPS_BROWSER_USER_PROFILE_STRING" value="Default"/>
    <property name="HUDSON_SERVER_COOKIE" value="e98eff877842722e"/>
    <property name="os.name" value="Windows 10"/>
    <property name="RegionCode" value="NA"/>
    <property name="sun.boot.class.path" value="C:\Program Files\Java\jdk1.8.0_211\jre\lib\resources.jar;C:\Program Files\Java\jdk1.8.0_211\jre\lib\rt.jar;C:\Program Files\Java\jdk1.8.0_211\jre\lib\sunrsasign.jar;C:\Program Files\Java\jdk1.8.0_211\jre\lib\jsse.jar;C:\Program Files\Java\jdk1.8.0_211\jre\lib\jce.jar;C:\Program Files\Java\jdk1.8.0_211\jre\lib\charsets.jar;C:\Program Files\Java\jdk1.8.0_211\jre\lib\jfr.jar;C:\Program Files\Java\jdk1.8.0_211\jre\classes"/>
    <property name="EXECUTOR_NUMBER" value="0"/>
    <property name="sun.desktop" value="windows"/>
    <property name="PATHEXT" value=".COM;.EXE;.BAT;.CMD;.VBS;.VBE;.JS;.JSE;.WSF;.WSH;.MSC"/>
    <property name="java.vm.specification.vendor" value="Oracle Corporation"/>
    <property name="NODE_LABELS" value="master"/>
    <property name="TEMP" value="C:\Users\shank\AppData\Local\Temp"/>
    <property name="java.runtime.version" value="1.8.0_211-b12"/>
    <property name="FPS_BROWSER_APP_PROFILE_STRING" value="Internet Explorer"/>
    <property name="user.name" value="shank"/>
    <property name="guice.disable.misplaced.annotation.check" value="true"/>
    <property name="CommonProgramW6432" value="C:\Program Files\Common Files"/>
    <property name="ProgramFiles" value="C:\Program Files"/>
    <property name="OnlineServices" value="Online Services"/>
    <property name="PROMPT" value="$P$G"/>
    <property name="user.language" value="en"/>
    <property name="JOB_BASE_NAME" value="SFDCApplication_Automation"/>
    <property name="RUN_CHANGES_DISPLAY_URL" value="http://localhost:8080/job/SFDCApplication_Automation/3/display/redirect?page=changes"/>
    <property name="BUILD_DISPLAY_NAME" value="#3"/>
    <property name="OneDrive" value="C:\Users\shank\OneDrive"/>
    <property name="sun.boot.library.path" value="C:\Program Files\Java\jdk1.8.0_211\jre\bin"/>
    <property name="LOCALAPPDATA" value="C:\Users\shank\AppData\Local"/>
    <property name="java.version" value="1.8.0_211"/>
    <property name="PROCESSOR_LEVEL" value="6"/>
    <property name="user.timezone" value="America/New_York"/>
    <property name="USERNAME" value="shank"/>
    <property name="sun.arch.data.model" value="64"/>
    <property name="NODE_NAME" value="master"/>
    <property name="java.endorsed.dirs" value="C:\Program Files\Java\jdk1.8.0_211\jre\lib\endorsed"/>
    <property name="BUILD_ID" value="3"/>
    <property name="sun.cpu.isalist" value="amd64"/>
    <property name="sun.jnu.encoding" value="Cp1252"/>
    <property name="file.encoding.pkg" value="sun.io"/>
    <property name="file.separator" value="\"/>
    <property name="java.specification.name" value="Java Platform API Specification"/>
    <property name="HOMEDRIVE" value="C:"/>
    <property name="maven.conf" value="C:\Users\shank\Documents\All-exe-files\apache-maven-3.6.1\conf"/>
    <property name="java.class.version" value="52.0"/>
    <property name="=::" value="::\"/>
    <property name="SCITE_USERHOME" value="C:\Users\shank\AppData\Local\AutoIt v3\SciTE"/>
    <property name="org.slf4j.simpleLogger.defaultLogLevel" value="info"/>
    <property name="user.country" value="US"/>
    <property name="ALLUSERSPROFILE" value="C:\ProgramData"/>
    <property name="java.home" value="C:\Program Files\Java\jdk1.8.0_211\jre"/>
    <property name="java.vm.info" value="mixed mode"/>
    <property name="os.version" value="10.0"/>
    <property name="platformcode" value="KV"/>
    <property name="RUN_DISPLAY_URL" value="http://localhost:8080/job/SFDCApplication_Automation/3/display/redirect"/>
    <property name="TMP" value="C:\Users\shank\AppData\Local\Temp"/>
    <property name="path.separator" value=";"/>
    <property name="java.vm.version" value="25.211-b12"/>
    <property name="user.variant" value=""/>
    <property name="JOB_DISPLAY_URL" value="http://localhost:8080/job/SFDCApplication_Automation/display/redirect"/>
    <property name="CommonProgramFiles(x86)" value="C:\Program Files (x86)\Common Files"/>
    <property name="USERDOMAIN_ROAMINGPROFILE" value="LAPTOP-6T9NE33L"/>
    <property name="java.awt.printerjob" value="sun.awt.windows.WPrinterJob"/>
    <property name="JAVA_HOME" value="C:\Program Files\Java\jdk1.8.0_211"/>
    <property name="sun.io.unicode.encoding" value="UnicodeLittle"/>
    <property name="CommonProgramFiles" value="C:\Program Files\Common Files"/>
    <property name="ComSpec" value="C:\WINDOWS\system32\cmd.exe"/>
    <property name="awt.toolkit" value="sun.awt.windows.WToolkit"/>
    <property name="HOMEPATH" value="\Users\shank"/>
    <property name="user.script" value=""/>
    <property name="COMPUTERNAME" value="LAPTOP-6T9NE33L"/>
    <property name="user.home" value="C:\Users\shank"/>
    <property name="PUBLIC" value="C:\Users\Public"/>
    <property name="BUILD_TAG" value="jenkins-SFDCApplication_Automation-3"/>
    <property name="JENKINS_SERVER_COOKIE" value="e98eff877842722e"/>
    <property name="HUDSON_URL" value="http://localhost:8080/"/>
    <property name="ProgramData" value="C:\ProgramData"/>
    <property name="java.specification.vendor" value="Oracle Corporation"/>
    <property name="USERPROFILE" value="C:\Users\shank"/>
    <property name="CLASSPATH" value=""/>
    <property name="java.vendor.url" value="http://java.oracle.com/"/>
    <property name="java.library.path" value="C:\Program Files\Java\jdk1.8.0_211\bin;C:\WINDOWS\Sun\Java\bin;C:\WINDOWS\system32;C:\WINDOWS;C:\Users\shank\Documents\All-exe-files\apache-maven-3.6.1/bin;C:\Program Files\Java\jdk1.8.0_211/bin;C:\Program Files\Java\jdk1.8.0_211/bin;C:\Program Files (x86)\Common Files\Oracle\Java\javapath;C:\WINDOWS\system32;C:\WINDOWS;C:\WINDOWS\System32\Wbem;C:\WINDOWS\System32\WindowsPowerShell\v1.0\;C:\WINDOWS\System32\OpenSSH\;C:\Program Files\Git\cmd;C:\Program Files\nodejs\;C:\Program Files\nodejs\node_modules\npm;C:\Users\shank\AppData\Roaming\npm;C:\Users\shank\Documents\All-exe-files\apache-maven-3.6.1\bin;C:\Program Files\Java\jdk1.8.0_211\bin;C:\Users\shank\AppData\Local\Microsoft\WindowsApps;C:\Users\shank\AppData\Local\Programs\Microsoft VS Code\bin;C:\Users\shank\AppData\Roaming\npm;C:\Program Files\nodejs;;."/>
    <property name="java.vm.vendor" value="Oracle Corporation"/>
    <property name="APPDATA" value="C:\Users\shank\AppData\Roaming"/>
    <property name="java.runtime.name" value="Java(TM) SE Runtime Environment"/>
    <property name="maven.home" value="C:\Users\shank\Documents\All-exe-files\apache-maven-3.6.1"/>
    <property name="java.class.path" value="C:\Users\shank\.jenkins\plugins\maven-plugin\WEB-INF\lib\maven35-agent-1.13.jar;C:\Users\shank\Documents\All-exe-files\apache-maven-3.6.1\boot\plexus-classworlds-2.6.0.jar;C:\Users\shank\Documents\All-exe-files\apache-maven-3.6.1/conf/logging"/>
    <property name="sun.java.command" value="jenkins.maven3.agent.Maven35Main C:\Users\shank\Documents\All-exe-files\apache-maven-3.6.1 C:\Users\shank\.jenkins\war\WEB-INF\lib\remoting-3.33.jar C:\Users\shank\.jenkins\plugins\maven-plugin\WEB-INF\lib\maven35-interceptor-1.13.jar C:\Users\shank\.jenkins\plugins\maven-plugin\WEB-INF\lib\maven3-interceptor-commons-1.13.jar 61529"/>
    <property name="Path" value="C:\Program Files\Java\jdk1.8.0_211/bin;C:\Program Files (x86)\Common Files\Oracle\Java\javapath;C:\WINDOWS\system32;C:\WINDOWS;C:\WINDOWS\System32\Wbem;C:\WINDOWS\System32\WindowsPowerShell\v1.0\;C:\WINDOWS\System32\OpenSSH\;C:\Program Files\Git\cmd;C:\Program Files\nodejs\;C:\Program Files\nodejs\node_modules\npm;C:\Users\shank\AppData\Roaming\npm;C:\Users\shank\Documents\All-exe-files\apache-maven-3.6.1\bin;C:\Program Files\Java\jdk1.8.0_211\bin;C:\Users\shank\AppData\Local\Microsoft\WindowsApps;C:\Users\shank\AppData\Local\Programs\Microsoft VS Code\bin;C:\Users\shank\AppData\Roaming\npm;C:\Program Files\nodejs;"/>
    <property name="java.vm.specification.name" value="Java Virtual Machine Specification"/>
    <property name="PROCESSOR_ARCHITECTURE" value="AMD64"/>
    <property name="PATH+JDK" value="C:\Program Files\Java\jdk1.8.0_211/bin"/>
    <property name="PROCESSOR_IDENTIFIER" value="Intel64 Family 6 Model 142 Stepping 11, GenuineIntel"/>
    <property name="SESSIONNAME" value="Console"/>
    <property name="java.vm.specification.version" value="1.8"/>
    <property name="sun.os.patch.level" value=""/>
    <property name="sun.cpu.endian" value="little"/>
    <property name="M2_HOME" value="C:\Users\shank\Documents\All-exe-files\apache-maven-3.6.1"/>
    <property name="java.io.tmpdir" value="C:\Users\shank\AppData\Local\Temp\"/>
    <property name="OS" value="Windows_NT"/>
    <property name="HUDSON_HOME" value="C:\Users\shank\.jenkins"/>
    <property name="PATH+MAVEN" value="C:\Users\shank\Documents\All-exe-files\apache-maven-3.6.1/bin"/>
    <property name="ProgramFiles(x86)" value="C:\Program Files (x86)"/>
    <property name="BUILD_URL" value="http://localhost:8080/job/SFDCApplication_Automation/3/"/>
    <property name="java.vendor.url.bug" value="http://bugreport.sun.com/bugreport/"/>
    <property name="java.awt.graphicsenv" value="sun.awt.Win32GraphicsEnvironment"/>
    <property name="os.arch" value="amd64"/>
    <property name="SystemRoot" value="C:\WINDOWS"/>
    <property name="java.ext.dirs" value="C:\Program Files\Java\jdk1.8.0_211\jre\lib\ext;C:\WINDOWS\Sun\Java\lib\ext"/>
    <property name="user.dir" value="C:\Users\shank\eclipse-workspace\SalesforceTesting_Automation"/>
    <property name="JOB_URL" value="http://localhost:8080/job/SFDCApplication_Automation/"/>
    <property name="LOGONSERVER" value="\\LAPTOP-6T9NE33L"/>
    <property name="USERDOMAIN" value="LAPTOP-6T9NE33L"/>
    <property name="line.separator" value="&#10;"/>
    <property name="MAVEN_HOME" value="C:\Users\shank\Documents\All-exe-files\apache-maven-3.6.1"/>
    <property name="java.vm.name" value="Java HotSpot(TM) 64-Bit Server VM"/>
    <property name="BUILD_NUMBER" value="3"/>
    <property name="JENKINS_URL" value="http://localhost:8080/"/>
    <property name="PROCESSOR_REVISION" value="8e0b"/>
    <property name="GIT_BRANCH" value="origin/Development"/>
    <property name="ProgramW6432" value="C:\Program Files"/>
    <property name="windir" value="C:\WINDOWS"/>
    <property name="GIT_COMMIT" value="c7223cabf86d13a50dcf6f10974155145c0ac5e8"/>
    <property name="=C:" value="C:\Users\shank\Documents\All-exe-files\jenkins"/>
    <property name="file.encoding" value="Cp1252"/>
    <property name="SystemDrive" value="C:"/>
    <property name="maven3.interceptor" value="C:\Users\shank\.jenkins\plugins\maven-plugin\WEB-INF\lib\maven35-interceptor-1.13.jar"/>
    <property name="WORKSPACE" value="C:\Users\shank\.jenkins\workspace\SFDCApplication_Automation"/>
    <property name="maven3.interceptor.common" value="C:\Users\shank\.jenkins\plugins\maven-plugin\WEB-INF\lib\maven3-interceptor-commons-1.13.jar"/>
    <property name="java.specification.version" value="1.8"/>
    <property name="PSModulePath" value="C:\Program Files (x86)\WindowsPowerShell\Modules;C:\WINDOWS\system32\WindowsPowerShell\v1.0\Modules;C:\Program Files (x86)\AutoIt3\AutoItX"/>
    <property name="DriverData" value="C:\Windows\System32\Drivers\DriverData"/>
    <property name="GIT_URL" value="https://github.com/DeepaAC/SFDCApplication_Automation.git"/>
  </properties>
  <testcase name="LoginError_TC1" classname="com.Salesforce.Automation.AutomationScript_Test" time="18.407"/>
  <testcase name="Login_TC2" classname="com.Salesforce.Automation.AutomationScript_Test" time="26.681"/>
  <testcase name="forgotPassword_TC4A" classname="com.Salesforce.Automation.AutomationScript_Test" time="13.208"/>
  <testcase name="ValidateLogin_TC4B" classname="com.Salesforce.Automation.AutomationScript_Test" time="14.255"/>
  <testcase name="checkRememberMe_TC3" classname="com.Salesforce.Automation.AutomationScript_Test" time="23.251"/>
</testsuite>